<?xml version="1.0" encoding="utf-8"?><testsuites name="pytest tests"><testsuite name="pytest" errors="0" failures="0" skipped="0" tests="10" time="26.375" timestamp="2026-07-22T09:42:03.067630+00:00" hostname="agent-env-30fc5e60-f48c-4406-80f1-c1bb39c6a469"><testcase classname="tests.backend_phase2_test.TestStrategyEdges" name="test_add_edge" time="0.694" /><testcase classname="tests.backend_phase2_test.TestInitiativesCRUD" name="test_create_with_measure_ids" time="0.790" /><testcase classname="tests.backend_phase2_test.TestStrategyEdges" name="test_self_loop_returns_400" time="0.043" /><testcase classname="tests.backend_phase2_test.TestStrategyEdges" name="test_delete_edge" time="0.177" /><testcase classname="tests.backend_phase2_test.TestInitiativesCRUD" name="test_update_initiative" time="0.105" /><testcase classname="tests.backend_phase2_test.TestInitiativesCRUD" name="test_delete_initiative" time="0.135" /><testcase classname="tests.backend_phase2_test.TestProjectImport" name="test_roundtrip_creates_new_project" time="0.178" /><testcase classname="tests.backend_phase2_test.TestUpdateActualsShape" name="test_returns_updated_created_and_project" time="0.098" /><testcase classname="tests.backend_phase2_test.TestProjectImport" name="test_import_missing_fields_defaults_get_added" time="0.177" /><testcase classname="tests.backend_phase2_test.TestAiSummarySSE" name="test_streams_events_and_terminates_with_done" time="24.789" /></testsuite></testsuites>