<?xml version="1.0" encoding="utf-8"?><testsuites name="pytest tests"><testsuite name="pytest" errors="0" failures="0" skipped="0" tests="16" time="2.586" timestamp="2026-07-22T09:09:43.187110+00:00" hostname="agent-env-30fc5e60-f48c-4406-80f1-c1bb39c6a469"><testcase classname="tests.backend_test.TestBulkImport" name="test_bulk_import_add_with_name_resolution" time="0.326" /><testcase classname="tests.backend_test.TestProjects" name="test_created_project_shape" time="0.244" /><testcase classname="tests.backend_test.TestProjects" name="test_list_contains_project" time="0.042" /><testcase classname="tests.backend_test.TestProjects" name="test_update_project" time="0.127" /><testcase classname="tests.backend_test.TestBulkImport" name="test_bulk_import_update_mode" time="0.294" /><testcase classname="tests.backend_test.TestProjects" name="test_duplicate_project" time="0.099" /><testcase classname="tests.backend_test.TestProjects" name="test_delete_missing_returns_404" time="0.043" /><testcase classname="tests.backend_test.TestObjectiveCascade" name="test_delete_objective_cascades_measures_and_targets" time="0.353" /><testcase classname="tests.backend_test.TestBulkImport" name="test_bulk_import_replace_mode_clears" time="0.187" /><testcase classname="tests.backend_test.TestDepartments" name="test_add_and_rename_department" time="0.299" /><testcase classname="tests.backend_test.TestObjectiveCascade" name="test_objective_edit" time="0.252" /><testcase classname="tests.backend_test.TestDepartments" name="test_delete_department_unassigns_from_objectives" time="0.251" /><testcase classname="tests.backend_test.TestHealth" name="test_root" time="0.045" /><testcase classname="tests.backend_test.TestTargets" name="test_target_crud" time="0.495" /><testcase classname="tests.backend_test.TestMeasureCascade" name="test_delete_measure_cascades_targets" time="0.376" /><testcase classname="tests.backend_test.TestUpdateActuals" name="test_update_actuals_updates_and_creates" time="0.293" /></testsuite></testsuites>